{"obj": {"type": "AssignString", "path": ["sys", "name"], "value": "Untitled"}, "version": 1}
{"obj": {"type": "AssignString", "path": ["sys", "description"], "value": ""}, "version": 2}
{"obj": {"type": "AssignString", "path": ["sys", "hostname"], "value": "DESKTOP-EEJ811B"}, "version": 3}
{"obj": {"type": "AssignBool", "path": ["sys", "failed"], "value": false}, "version": 4}
{"obj": {"type": "ClearStringLog", "path": ["monitoring", "stdout"]}, "version": 5}
{"obj": {"type": "ClearStringLog", "path": ["monitoring", "stderr"]}, "version": 6}
{"obj": {"type": "AssignString", "path": ["source_code", "entrypoint"], "value": "TrainLearningModel.py"}, "version": 7}
{"obj": {"type": "UploadFileSet", "path": ["source_code", "files"], "file_globs": ["D:\\DATA\\Pedro_Work\\IFREMER_Work\\CODE\\IFREMER-ABYSSES\\Transfer_Learning\\TrainLearningModel.py"], "reset": "False"}, "version": 8}
{"obj": {"type": "ConfigFloatSeries", "path": ["monitoring", "cpu"], "min": 0.0, "max": 100.0, "unit": "%"}, "version": 9}
{"obj": {"type": "ClearFloatLog", "path": ["monitoring", "cpu"]}, "version": 10}
{"obj": {"type": "ConfigFloatSeries", "path": ["monitoring", "memory"], "min": 0.0, "max": 15.79909896850586, "unit": "GB"}, "version": 11}
{"obj": {"type": "ClearFloatLog", "path": ["monitoring", "memory"]}, "version": 12}
{"obj": {"type": "ConfigFloatSeries", "path": ["monitoring", "gpu"], "min": 0.0, "max": 100.0, "unit": "%"}, "version": 13}
{"obj": {"type": "ClearFloatLog", "path": ["monitoring", "gpu"]}, "version": 14}
{"obj": {"type": "ConfigFloatSeries", "path": ["monitoring", "gpu_memory"], "min": 0.0, "max": 4.0, "unit": "GB"}, "version": 15}
{"obj": {"type": "ClearFloatLog", "path": ["monitoring", "gpu_memory"]}, "version": 16}
{"obj": {"type": "LogStrings", "path": ["monitoring", "stdout"], "values": [{"value": "Namespace(backbone_name='movilenet', batch_size=5, checkpoint_name='Prove', checkpoints_main_path='D:/DATA/Pedro_Work/IFREMER_Work/CODE/Transfer_Learning', crop_size=256, dataset_main_path='D:/DATA/Pedro_Work/IFREMER_Work/DATA/Under_water_Image_Segmenetation/SUIM/train_val/train_val/', dataset_name='SUIM', epochs=100, learning_model='Unet', phase='train', runs=1, task='Semantic_Segmentation')", "step": null, "ts": 1642845767.2711818}]}, "version": 17}
{"obj": {"type": "LogStrings", "path": ["monitoring", "stdout"], "values": [{"value": "\n", "step": null, "ts": 1642845767.272181}]}, "version": 18}
{"obj": {"type": "LogStrings", "path": ["monitoring", "stdout"], "values": [{"value": "Dataset pre-processing...", "step": null, "ts": 1642845767.272181}]}, "version": 19}
{"obj": {"type": "LogStrings", "path": ["monitoring", "stdout"], "values": [{"value": "\n", "step": null, "ts": 1642845767.2741811}]}, "version": 20}
{"obj": {"type": "LogFloats", "path": ["monitoring", "cpu"], "values": [{"value": 10.2, "step": null, "ts": 1642845767.2662249}]}, "version": 21}
{"obj": {"type": "LogFloats", "path": ["monitoring", "memory"], "values": [{"value": 11.832054138183594, "step": null, "ts": 1642845767.2662249}]}, "version": 22}
{"obj": {"type": "LogFloats", "path": ["monitoring", "gpu_memory"], "values": [{"value": 0.076171875, "step": null, "ts": 1642845767.2662249}]}, "version": 23}
{"obj": {"type": "LogStrings", "path": ["monitoring", "stdout"], "values": [{"value": "Splitting the data into Training and Validation sets", "step": null, "ts": 1642845777.4353268}]}, "version": 24}
{"obj": {"type": "LogStrings", "path": ["monitoring", "stdout"], "values": [{"value": "\n", "step": null, "ts": 1642845777.4363294}]}, "version": 25}
{"obj": {"type": "LogStrings", "path": ["monitoring", "stdout"], "values": [{"value": "[*] Initializing the model...", "step": null, "ts": 1642845777.4392936}]}, "version": 26}
{"obj": {"type": "LogStrings", "path": ["monitoring", "stdout"], "values": [{"value": "\n", "step": null, "ts": 1642845777.4392936}]}, "version": 27}
{"obj": {"type": "LogStrings", "path": ["monitoring", "stdout"], "values": [{"value": "Initalizing Neptune", "step": null, "ts": 1642845779.8271606}]}, "version": 28}
{"obj": {"type": "LogFloats", "path": ["monitoring", "cpu"], "values": [{"value": 12.0, "step": null, "ts": 1642845777.2792199}]}, "version": 29}
{"obj": {"type": "LogFloats", "path": ["monitoring", "memory"], "values": [{"value": 11.915023803710938, "step": null, "ts": 1642845777.2792199}]}, "version": 30}
{"obj": {"type": "LogFloats", "path": ["monitoring", "gpu"], "values": [{"value": 1.0, "step": null, "ts": 1642845777.2792199}]}, "version": 31}
{"obj": {"type": "LogFloats", "path": ["monitoring", "gpu_memory"], "values": [{"value": 2.923553466796875, "step": null, "ts": 1642845777.2792199}]}, "version": 32}
{"obj": {"type": "LogStrings", "path": ["monitoring", "stdout"], "values": [{"value": "\n", "step": null, "ts": 1642845779.8281262}]}, "version": 33}
{"obj": {"type": "AssignFloat", "path": ["parameters", "learning_rate"], "value": 0.001}, "version": 34}
{"obj": {"type": "AssignString", "path": ["parameters", "optimizer"], "value": "Adam"}, "version": 35}
{"obj": {"type": "AssignString", "path": ["args"], "value": "Namespace(backbone_name='movilenet', batch_size=5, checkpoint_dir='D:/DATA/Pedro_Work/IFREMER_Work/CODE/Transfer_LearningSUIM_checkpoints/Prove', checkpoint_name='Prove', checkpoints_main_path='D:/DATA/Pedro_Work/IFREMER_Work/CODE/Transfer_Learning', classes=8, crop_size=256, dataset_main_path='D:/DATA/Pedro_Work/IFREMER_Work/DATA/Under_water_Image_Segmenetation/SUIM/train_val/train_val/', dataset_name='SUIM', epochs=100, learning_model='Unet', phase='train', runs=1, save_checkpoint_path='D:/DATA/Pedro_Work/IFREMER_Work/CODE/Transfer_LearningSUIM_checkpoints/Prove/Unet_22_01_2022_07_02_57/', task='Semantic_Segmentation')"}, "version": 36}
{"obj": {"type": "LogStrings", "path": ["monitoring", "stdout"], "values": [{"value": "Defining the data augmentation procedure", "step": null, "ts": 1642845779.8291273}]}, "version": 37}
{"obj": {"type": "LogStrings", "path": ["monitoring", "stdout"], "values": [{"value": "\n", "step": null, "ts": 1642845779.8301277}]}, "version": 38}
{"obj": {"type": "LogStrings", "path": ["monitoring", "stdout"], "values": [{"value": "Dataset pre-processing according tensorflow methods...", "step": null, "ts": 1642845779.8361256}]}, "version": 39}
{"obj": {"type": "LogStrings", "path": ["monitoring", "stdout"], "values": [{"value": "\n", "step": null, "ts": 1642845779.8371263}]}, "version": 40}
{"obj": {"type": "LogFloats", "path": ["monitoring", "cpu"], "values": [{"value": 12.4, "step": null, "ts": 1642845789.8572187}]}, "version": 41}
{"obj": {"type": "LogFloats", "path": ["monitoring", "memory"], "values": [{"value": 13.118030548095703, "step": null, "ts": 1642845789.8572187}]}, "version": 42}
{"obj": {"type": "LogFloats", "path": ["monitoring", "gpu"], "values": [{"value": 99.0, "step": null, "ts": 1642845789.8572187}]}, "version": 43}
{"obj": {"type": "LogFloats", "path": ["monitoring", "gpu_memory"], "values": [{"value": 3.157928466796875, "step": null, "ts": 1642845789.8572187}]}, "version": 44}
{"obj": {"type": "LogFloats", "path": ["monitoring", "cpu"], "values": [{"value": 11.0, "step": null, "ts": 1642845799.8754146}]}, "version": 45}
{"obj": {"type": "LogFloats", "path": ["monitoring", "memory"], "values": [{"value": 13.080894470214844, "step": null, "ts": 1642845799.8754146}]}, "version": 46}
{"obj": {"type": "LogFloats", "path": ["monitoring", "gpu"], "values": [{"value": 54.0, "step": null, "ts": 1642845799.8754146}]}, "version": 47}
{"obj": {"type": "LogFloats", "path": ["monitoring", "gpu_memory"], "values": [{"value": 3.157928466796875, "step": null, "ts": 1642845799.8754146}]}, "version": 48}
{"obj": {"type": "LogFloats", "path": ["monitoring", "cpu"], "values": [{"value": 10.4, "step": null, "ts": 1642845809.893328}]}, "version": 49}
{"obj": {"type": "LogFloats", "path": ["monitoring", "memory"], "values": [{"value": 13.075458526611328, "step": null, "ts": 1642845809.893328}]}, "version": 50}
{"obj": {"type": "LogFloats", "path": ["monitoring", "gpu"], "values": [{"value": 54.0, "step": null, "ts": 1642845809.893328}]}, "version": 51}
{"obj": {"type": "LogFloats", "path": ["monitoring", "gpu_memory"], "values": [{"value": 3.157928466796875, "step": null, "ts": 1642845809.893328}]}, "version": 52}
{"obj": {"type": "LogFloats", "path": ["monitoring", "cpu"], "values": [{"value": 10.4, "step": null, "ts": 1642845819.9117274}]}, "version": 53}
{"obj": {"type": "LogFloats", "path": ["monitoring", "memory"], "values": [{"value": 13.034893035888672, "step": null, "ts": 1642845819.9117274}]}, "version": 54}
{"obj": {"type": "LogFloats", "path": ["monitoring", "gpu"], "values": [{"value": 98.0, "step": null, "ts": 1642845819.9117274}]}, "version": 55}
{"obj": {"type": "LogFloats", "path": ["monitoring", "gpu_memory"], "values": [{"value": 3.157928466796875, "step": null, "ts": 1642845819.9117274}]}, "version": 56}
{"obj": {"type": "LogFloats", "path": ["valid", "loss"], "values": [{"value": 0.0, "step": null, "ts": 1642845821.6066806}]}, "version": 57}
{"obj": {"type": "LogFloats", "path": ["valid", "F1-Score"], "values": [{"value": 10.629649652244861, "step": null, "ts": 1642845821.6066806}]}, "version": 58}
{"obj": {"type": "LogStrings", "path": ["monitoring", "stdout"], "values": [{"value": "Epoch 1, Loss: 2.065929889678955 ,Precision: 22.623072705438478, Recall: 42.64375918321239, F1-Score: 10.629649652244861", "step": null, "ts": 1642845821.6076808}]}, "version": 59}
{"obj": {"type": "LogStrings", "path": ["monitoring", "stdout"], "values": [{"value": "\n", "step": null, "ts": 1642845821.6086802}]}, "version": 60}
