{"obj": {"type": "AssignString", "path": ["sys", "name"], "value": "Untitled"}, "version": 1}
{"obj": {"type": "AssignString", "path": ["sys", "description"], "value": ""}, "version": 2}
{"obj": {"type": "AssignString", "path": ["sys", "hostname"], "value": "DESKTOP-EEJ811B"}, "version": 3}
{"obj": {"type": "AssignBool", "path": ["sys", "failed"], "value": false}, "version": 4}
{"obj": {"type": "ClearStringLog", "path": ["monitoring", "stdout"]}, "version": 5}
{"obj": {"type": "ClearStringLog", "path": ["monitoring", "stderr"]}, "version": 6}
{"obj": {"type": "AssignString", "path": ["source_code", "entrypoint"], "value": "TrainLearningModel.py"}, "version": 7}
{"obj": {"type": "UploadFileSet", "path": ["source_code", "files"], "file_globs": ["D:\\DATA\\Pedro_Work\\IFREMER_Work\\CODE\\IFREMER-ABYSSES\\Transfer_Learning\\TrainLearningModel.py"], "reset": "False"}, "version": 8}
{"obj": {"type": "ConfigFloatSeries", "path": ["monitoring", "cpu"], "min": 0.0, "max": 100.0, "unit": "%"}, "version": 9}
{"obj": {"type": "ClearFloatLog", "path": ["monitoring", "cpu"]}, "version": 10}
{"obj": {"type": "ConfigFloatSeries", "path": ["monitoring", "memory"], "min": 0.0, "max": 15.79909896850586, "unit": "GB"}, "version": 11}
{"obj": {"type": "ClearFloatLog", "path": ["monitoring", "memory"]}, "version": 12}
{"obj": {"type": "ConfigFloatSeries", "path": ["monitoring", "gpu"], "min": 0.0, "max": 100.0, "unit": "%"}, "version": 13}
{"obj": {"type": "ClearFloatLog", "path": ["monitoring", "gpu"]}, "version": 14}
{"obj": {"type": "ConfigFloatSeries", "path": ["monitoring", "gpu_memory"], "min": 0.0, "max": 4.0, "unit": "GB"}, "version": 15}
{"obj": {"type": "ClearFloatLog", "path": ["monitoring", "gpu_memory"]}, "version": 16}
{"obj": {"type": "LogStrings", "path": ["monitoring", "stdout"], "values": [{"value": "Namespace(backbone_name='movilenet', batch_size=5, checkpoint_name='Prove', checkpoints_main_path='D:/DATA/Pedro_Work/IFREMER_Work/CODE/Transfer_Learning', crop_size=256, dataset_main_path='D:/DATA/Pedro_Work/IFREMER_Work/DATA/Under_water_Image_Segmenetation/SUIM/train_val/train_val/', dataset_name='SUIM', epochs=100, learning_model='Unet', phase='train', runs=1, task='Semantic_Segmentation')", "step": null, "ts": 1642845462.7940578}]}, "version": 17}
{"obj": {"type": "LogStrings", "path": ["monitoring", "stdout"], "values": [{"value": "\n", "step": null, "ts": 1642845462.7950573}]}, "version": 18}
{"obj": {"type": "LogStrings", "path": ["monitoring", "stdout"], "values": [{"value": "Dataset pre-processing...", "step": null, "ts": 1642845462.7950573}]}, "version": 19}
{"obj": {"type": "LogStrings", "path": ["monitoring", "stdout"], "values": [{"value": "\n", "step": null, "ts": 1642845462.796059}]}, "version": 20}
{"obj": {"type": "LogFloats", "path": ["monitoring", "cpu"], "values": [{"value": 9.9, "step": null, "ts": 1642845462.7880943}]}, "version": 21}
{"obj": {"type": "LogFloats", "path": ["monitoring", "memory"], "values": [{"value": 11.762500762939453, "step": null, "ts": 1642845462.7880943}]}, "version": 22}
{"obj": {"type": "LogFloats", "path": ["monitoring", "gpu_memory"], "values": [{"value": 0.076171875, "step": null, "ts": 1642845462.7880943}]}, "version": 23}
{"obj": {"type": "LogStrings", "path": ["monitoring", "stdout"], "values": [{"value": "Splitting the data into Training and Validation sets", "step": null, "ts": 1642845472.9987686}]}, "version": 24}
{"obj": {"type": "LogStrings", "path": ["monitoring", "stdout"], "values": [{"value": "\n", "step": null, "ts": 1642845472.9987686}]}, "version": 25}
{"obj": {"type": "LogStrings", "path": ["monitoring", "stdout"], "values": [{"value": "[*] Initializing the model...", "step": null, "ts": 1642845473.000763}]}, "version": 26}
{"obj": {"type": "LogStrings", "path": ["monitoring", "stdout"], "values": [{"value": "\n", "step": null, "ts": 1642845473.0017612}]}, "version": 27}
{"obj": {"type": "LogStrings", "path": ["monitoring", "stdout"], "values": [{"value": "Initalizing Neptune", "step": null, "ts": 1642845475.4077947}]}, "version": 28}
{"obj": {"type": "LogFloats", "path": ["monitoring", "cpu"], "values": [{"value": 14.5, "step": null, "ts": 1642845472.8057158}]}, "version": 29}
{"obj": {"type": "LogFloats", "path": ["monitoring", "memory"], "values": [{"value": 11.831653594970703, "step": null, "ts": 1642845472.8057158}]}, "version": 30}
{"obj": {"type": "LogStrings", "path": ["monitoring", "stdout"], "values": [{"value": "\n", "step": null, "ts": 1642845475.4087956}]}, "version": 31}
{"obj": {"type": "AssignFloat", "path": ["parameters", "learning_rate"], "value": 0.001}, "version": 32}
{"obj": {"type": "AssignString", "path": ["parameters", "optimizer"], "value": "Adam"}, "version": 33}
{"obj": {"type": "LogFloats", "path": ["monitoring", "gpu"], "values": [{"value": 1.0, "step": null, "ts": 1642845472.8057158}]}, "version": 34}
{"obj": {"type": "AssignString", "path": ["args"], "value": "Namespace(backbone_name='movilenet', batch_size=5, checkpoint_dir='D:/DATA/Pedro_Work/IFREMER_Work/CODE/Transfer_LearningSUIM_checkpoints/Prove', checkpoint_name='Prove', checkpoints_main_path='D:/DATA/Pedro_Work/IFREMER_Work/CODE/Transfer_Learning', classes=8, crop_size=256, dataset_main_path='D:/DATA/Pedro_Work/IFREMER_Work/DATA/Under_water_Image_Segmenetation/SUIM/train_val/train_val/', dataset_name='SUIM', epochs=100, learning_model='Unet', phase='train', runs=1, save_checkpoint_path='D:/DATA/Pedro_Work/IFREMER_Work/CODE/Transfer_LearningSUIM_checkpoints/Prove/Unet_22_01_2022_06_57_53/', task='Semantic_Segmentation')"}, "version": 35}
{"obj": {"type": "LogStrings", "path": ["monitoring", "stdout"], "values": [{"value": "Defining the data augmentation procedure", "step": null, "ts": 1642845475.409797}]}, "version": 36}
{"obj": {"type": "LogFloats", "path": ["monitoring", "gpu_memory"], "values": [{"value": 2.923553466796875, "step": null, "ts": 1642845472.8057158}]}, "version": 37}
{"obj": {"type": "LogStrings", "path": ["monitoring", "stdout"], "values": [{"value": "\n", "step": null, "ts": 1642845475.4107964}]}, "version": 38}
{"obj": {"type": "LogStrings", "path": ["monitoring", "stdout"], "values": [{"value": "Dataset pre-processing according tensorflow methods...", "step": null, "ts": 1642845475.4177957}]}, "version": 39}
{"obj": {"type": "LogStrings", "path": ["monitoring", "stdout"], "values": [{"value": "\n", "step": null, "ts": 1642845475.4177957}]}, "version": 40}
{"obj": {"type": "LogFloats", "path": ["monitoring", "cpu"], "values": [{"value": 10.7, "step": null, "ts": 1642845485.4115498}]}, "version": 41}
{"obj": {"type": "LogFloats", "path": ["monitoring", "memory"], "values": [{"value": 13.068645477294922, "step": null, "ts": 1642845485.4115498}]}, "version": 42}
{"obj": {"type": "LogFloats", "path": ["monitoring", "gpu"], "values": [{"value": 100.0, "step": null, "ts": 1642845485.4115498}]}, "version": 43}
{"obj": {"type": "LogFloats", "path": ["monitoring", "gpu_memory"], "values": [{"value": 3.157928466796875, "step": null, "ts": 1642845485.4115498}]}, "version": 44}
{"obj": {"type": "LogFloats", "path": ["monitoring", "cpu"], "values": [{"value": 10.4, "step": null, "ts": 1642845495.5913308}]}, "version": 45}
{"obj": {"type": "LogFloats", "path": ["monitoring", "memory"], "values": [{"value": 13.072135925292969, "step": null, "ts": 1642845495.5913308}]}, "version": 46}
{"obj": {"type": "LogFloats", "path": ["monitoring", "gpu"], "values": [{"value": 99.0, "step": null, "ts": 1642845495.5913308}]}, "version": 47}
{"obj": {"type": "LogFloats", "path": ["monitoring", "gpu_memory"], "values": [{"value": 3.157928466796875, "step": null, "ts": 1642845495.5913308}]}, "version": 48}
{"obj": {"type": "LogFloats", "path": ["monitoring", "cpu"], "values": [{"value": 10.7, "step": null, "ts": 1642845505.6550934}]}, "version": 49}
{"obj": {"type": "LogFloats", "path": ["monitoring", "memory"], "values": [{"value": 13.048320770263672, "step": null, "ts": 1642845505.6550934}]}, "version": 50}
{"obj": {"type": "LogFloats", "path": ["monitoring", "gpu"], "values": [{"value": 99.0, "step": null, "ts": 1642845505.6550934}]}, "version": 51}
{"obj": {"type": "LogFloats", "path": ["monitoring", "gpu_memory"], "values": [{"value": 3.157928466796875, "step": null, "ts": 1642845505.6550934}]}, "version": 52}
{"obj": {"type": "LogFloats", "path": ["monitoring", "cpu"], "values": [{"value": 10.7, "step": null, "ts": 1642845515.6703537}]}, "version": 53}
{"obj": {"type": "LogFloats", "path": ["monitoring", "memory"], "values": [{"value": 13.041778564453125, "step": null, "ts": 1642845515.6703537}]}, "version": 54}
{"obj": {"type": "LogFloats", "path": ["monitoring", "gpu"], "values": [{"value": 100.0, "step": null, "ts": 1642845515.6703537}]}, "version": 55}
{"obj": {"type": "LogFloats", "path": ["monitoring", "gpu_memory"], "values": [{"value": 3.157928466796875, "step": null, "ts": 1642845515.6703537}]}, "version": 56}
{"obj": {"type": "LogStrings", "path": ["monitoring", "traceback"], "values": [{"value": "An uncaught exception occurred while run was active on worker DESKTOP-EEJ811B.", "step": null, "ts": 1642845517.4123094}, {"value": "Marking run as failed", "step": null, "ts": 1642845517.4123094}, {"value": "Traceback:", "step": null, "ts": 1642845517.4123094}, {"value": "  File \"TrainLearningModel.py\", line 68, in <module>\n    main()\n", "step": null, "ts": 1642845517.4123094}, {"value": "  File \"TrainLearningModel.py\", line 64, in main\n    model.Train()\n", "step": null, "ts": 1642845517.4123094}, {"value": "  File \"D:\\DATA\\Pedro_Work\\IFREMER_Work\\CODE\\IFREMER-ABYSSES\\Transfer_Learning\\LearningModels.py\", line 136, in Train\n    self.test_step(images, labels_, class_weights)\n", "step": null, "ts": 1642845517.4123094}, {"value": "  File \"D:\\DATA\\Pedro_Work\\IFREMER_Work\\CODE\\IFREMER-ABYSSES\\Transfer_Learning\\LearningModels.py\", line 65, in test_step\n    y_pred = np.argmax(predictions.numpy(), axis = 3).reshape((self.args.batch_size * self.args.crop_size * self.args.crop_size,1))\n", "step": null, "ts": 1642845517.4123094}, {"value": "cannot reshape array of size 196608 into shape (327680,1)", "step": null, "ts": 1642845517.4123094}]}, "version": 57}
{"obj": {"type": "AssignBool", "path": ["sys", "failed"], "value": true}, "version": 58}
{"obj": {"type": "LogStrings", "path": ["monitoring", "stderr"], "values": [{"value": "Traceback (most recent call last):\n", "step": null, "ts": 1642845517.413344}]}, "version": 59}
{"obj": {"type": "LogStrings", "path": ["monitoring", "stderr"], "values": [{"value": "  File \"TrainLearningModel.py\", line 68, in <module>\n", "step": null, "ts": 1642845517.4143503}]}, "version": 60}
{"obj": {"type": "LogStrings", "path": ["monitoring", "stderr"], "values": [{"value": "    ", "step": null, "ts": 1642845517.415311}]}, "version": 61}
{"obj": {"type": "LogStrings", "path": ["monitoring", "stderr"], "values": [{"value": "main()", "step": null, "ts": 1642845517.415311}]}, "version": 62}
{"obj": {"type": "LogStrings", "path": ["monitoring", "stderr"], "values": [{"value": "\n", "step": null, "ts": 1642845517.4214704}]}, "version": 63}
{"obj": {"type": "LogStrings", "path": ["monitoring", "stderr"], "values": [{"value": "  File \"TrainLearningModel.py\", line 64, in main\n", "step": null, "ts": 1642845517.422344}]}, "version": 64}
{"obj": {"type": "LogStrings", "path": ["monitoring", "stderr"], "values": [{"value": "    ", "step": null, "ts": 1642845517.422344}]}, "version": 65}
{"obj": {"type": "LogStrings", "path": ["monitoring", "stderr"], "values": [{"value": "model.Train()", "step": null, "ts": 1642845517.422344}]}, "version": 66}
{"obj": {"type": "LogStrings", "path": ["monitoring", "stderr"], "values": [{"value": "\n", "step": null, "ts": 1642845517.423345}]}, "version": 67}
{"obj": {"type": "LogStrings", "path": ["monitoring", "stderr"], "values": [{"value": "  File \"D:\\DATA\\Pedro_Work\\IFREMER_Work\\CODE\\IFREMER-ABYSSES\\Transfer_Learning\\LearningModels.py\", line 136, in Train\n", "step": null, "ts": 1642845517.423345}]}, "version": 68}
{"obj": {"type": "LogStrings", "path": ["monitoring", "stderr"], "values": [{"value": "    ", "step": null, "ts": 1642845517.4243438}]}, "version": 69}
{"obj": {"type": "LogStrings", "path": ["monitoring", "stderr"], "values": [{"value": "self.test_step(images, labels_, class_weights)", "step": null, "ts": 1642845517.4243438}]}, "version": 70}
{"obj": {"type": "LogStrings", "path": ["monitoring", "stderr"], "values": [{"value": "\n", "step": null, "ts": 1642845517.4243438}]}, "version": 71}
{"obj": {"type": "LogStrings", "path": ["monitoring", "stderr"], "values": [{"value": "  File \"D:\\DATA\\Pedro_Work\\IFREMER_Work\\CODE\\IFREMER-ABYSSES\\Transfer_Learning\\LearningModels.py\", line 65, in test_step\n", "step": null, "ts": 1642845517.425355}]}, "version": 72}
{"obj": {"type": "LogStrings", "path": ["monitoring", "stderr"], "values": [{"value": "    ", "step": null, "ts": 1642845517.425355}]}, "version": 73}
{"obj": {"type": "LogStrings", "path": ["monitoring", "stderr"], "values": [{"value": "y_pred = np.argmax(predictions.numpy(), axis = 3).reshape((self.args.batch_size * self.args.crop_size * self.args.crop_size,1))", "step": null, "ts": 1642845517.425355}]}, "version": 74}
{"obj": {"type": "LogStrings", "path": ["monitoring", "stderr"], "values": [{"value": "\n", "step": null, "ts": 1642845517.42631}]}, "version": 75}
{"obj": {"type": "LogStrings", "path": ["monitoring", "stderr"], "values": [{"value": "ValueError", "step": null, "ts": 1642845517.42631}]}, "version": 76}
{"obj": {"type": "LogStrings", "path": ["monitoring", "stderr"], "values": [{"value": ": ", "step": null, "ts": 1642845517.42631}]}, "version": 77}
{"obj": {"type": "LogStrings", "path": ["monitoring", "stderr"], "values": [{"value": "cannot reshape array of size 196608 into shape (327680,1)", "step": null, "ts": 1642845517.42631}]}, "version": 78}
{"obj": {"type": "LogStrings", "path": ["monitoring", "stderr"], "values": [{"value": "\n", "step": null, "ts": 1642845517.4273586}]}, "version": 79}
